2025-10-10 18:45:38,903 INFO workout_created user=1 exercise=Squat reps=5 weight=195.0 date=2025-09-22
2025-10-10 18:46:28,756 INFO workout_created user=1 exercise=Squat reps=5 weight=185.0 date=2025-09-15
2025-10-10 18:50:46,516 INFO workout_created user=1 exercise=Squat reps=5 weight=185.0 date=2025-09-15
2025-10-10 18:54:15,837 INFO workout_created user=1 exercise=Squat reps=5 weight=195.0 date=2025-09-22
2025-10-10 19:15:06,156 INFO workout_created user=1 exercise=Bench Press reps=12 weight=120.0 date=2025-10-10
2025-10-10 19:17:36,445 INFO workout_created user=1 exercise=Squat reps=5 weight=185.0 date=2025-09-15
2025-10-10 19:18:06,941 INFO workout_created user=1 exercise=Squat reps=5 weight=195.0 date=2025-09-22
2025-10-15 19:58:54,511 INFO DB init OK
2025-10-15 19:58:55,631 INFO DB init OK
2025-10-15 22:37:21,246 INFO DB init OK
2025-10-15 22:37:21,904 INFO DB init OK
2025-10-15 22:37:51,328 INFO workout_created user=1 exercise=Overhead Press reps=10 weight=120.0 date=2025-10-15
2025-10-16 19:10:38,711 INFO DB init OK
2025-10-20 20:24:44,896 INFO DB init OK
2025-10-20 20:51:22,519 ERROR server_error: 500 Internal Server Error: The server encountered an internal error and was unable to complete your request. Either the server is overloaded or there is an error in the application.
2025-10-20 20:51:26,715 ERROR server_error: 500 Internal Server Error: The server encountered an internal error and was unable to complete your request. Either the server is overloaded or there is an error in the application.
2025-10-20 20:51:51,472 INFO DB init OK
2025-10-20 20:52:05,447 ERROR server_error: 500 Internal Server Error: The server encountered an internal error and was unable to complete your request. Either the server is overloaded or there is an error in the application.
2025-10-20 20:52:12,201 INFO workout_deleted id=18 (empty after set deletion)
2025-10-20 20:52:12,201 INFO set_deleted id=58
2025-10-20 20:52:13,843 ERROR server_error: 500 Internal Server Error: The server encountered an internal error and was unable to complete your request. Either the server is overloaded or there is an error in the application.
2025-10-20 20:59:32,875 ERROR server_error: 500 Internal Server Error: The server encountered an internal error and was unable to complete your request. Either the server is overloaded or there is an error in the application.
2025-10-20 21:16:49,373 INFO DB init OK
2025-10-20 21:18:08,948 INFO set_updated id=55 workout=15 reps=10 weight=120.0
2025-10-20 21:18:20,158 INFO set_updated id=55 workout=15 reps=10 weight=120.0
2025-10-20 21:38:20,464 INFO DB init OK
2025-10-20 22:23:07,600 INFO DB init OK
